2024-05-31 18:54:22.053 [info] Extension host with pid 9178 started
2024-05-31 18:54:22.379 [info] Lock '/home/adrian/.vscode-server/data/User/workspaceStorage/18cbecd3652cd1b0e1251eee183aeeb2/vscode.lock': Lock acquired.
2024-05-31 18:54:22.954 [info] ExtensionService#_doActivateExtension vscode.emmet, startup: false, activationEvent: 'onLanguage'
2024-05-31 18:54:22.956 [info] ExtensionService#_doActivateExtension vscode.html-language-features, startup: false, activationEvent: 'onLanguage:html'
2024-05-31 18:54:23.982 [info] ExtensionService#_doActivateExtension vscode.git-base, startup: true, activationEvent: '*', root cause: vscode.git
2024-05-31 18:54:23.983 [info] ExtensionService#_doActivateExtension genuitecllc.codetogether, startup: true, activationEvent: '*'
2024-05-31 18:54:25.866 [info] ExtensionService#_doActivateExtension vscode.json-language-features, startup: false, activationEvent: 'onLanguage:jsonc'
2024-05-31 18:54:25.866 [info] ExtensionService#_doActivateExtension vscode.typescript-language-features, startup: false, activationEvent: 'onLanguage:jsonc'
2024-05-31 18:54:25.923 [info] ExtensionService#_doActivateExtension vscode.git, startup: true, activationEvent: '*'
2024-05-31 18:54:25.923 [info] ExtensionService#_doActivateExtension vscode.github, startup: true, activationEvent: '*'
2024-05-31 18:54:28.058 [info] Eager extensions activated
2024-05-31 18:54:28.059 [info] ExtensionService#_doActivateExtension vscode.debug-auto-launch, startup: false, activationEvent: 'onStartupFinished'
2024-05-31 18:54:28.059 [info] ExtensionService#_doActivateExtension vscode.merge-conflict, startup: false, activationEvent: 'onStartupFinished'
2024-05-31 18:54:28.060 [info] ExtensionService#_doActivateExtension ritwickdey.LiveServer, startup: false, activationEvent: 'onStartupFinished'
2024-05-31 18:54:31.211 [info] ExtensionService#_doActivateExtension vscode.tunnel-forwarding, startup: false, activationEvent: 'onTunnel'
2024-05-31 18:55:01.728 [warning] [Decorations] CAPPING events from decorations provider vscode.git 6520
2024-05-31 18:55:04.931 [warning] [Decorations] CAPPING events from decorations provider vscode.git 6520
2024-05-31 19:32:04.246 [warning] [Decorations] CAPPING events from decorations provider vscode.git 6521
2024-05-31 19:32:09.409 [warning] [Decorations] CAPPING events from decorations provider vscode.git 6520
2024-05-31 19:32:14.626 [warning] [Decorations] CAPPING events from decorations provider vscode.git 6520
2024-05-31 19:34:25.225 [warning] [Decorations] CAPPING events from decorations provider vscode.git 6522
2024-05-31 19:34:30.429 [warning] [Decorations] CAPPING events from decorations provider vscode.git 6522
