2024-05-30 09:32:06.374 [info] Extension host with pid 1782 started
2024-05-30 09:32:06.618 [info] ExtensionService#_doActivateExtension vscode.git-base, startup: true, activationEvent: '*', root cause: vscode.git
2024-05-30 09:32:07.365 [info] Lock '/home/adrian/.vscode-server/data/User/workspaceStorage/18cbecd3652cd1b0e1251eee183aeeb2/vscode.lock': Lock acquired.
2024-05-30 09:32:07.382 [info] ExtensionService#_doActivateExtension vscode.git, startup: true, activationEvent: '*'
2024-05-30 09:32:07.382 [info] ExtensionService#_doActivateExtension vscode.github, startup: true, activationEvent: '*'
2024-05-30 09:32:09.924 [info] Eager extensions activated
2024-05-30 09:32:09.925 [info] ExtensionService#_doActivateExtension vscode.debug-auto-launch, startup: false, activationEvent: 'onStartupFinished'
2024-05-30 09:32:09.925 [info] ExtensionService#_doActivateExtension vscode.merge-conflict, startup: false, activationEvent: 'onStartupFinished'
2024-05-30 09:32:11.197 [info] ExtensionService#_doActivateExtension vscode.json-language-features, startup: false, activationEvent: 'onLanguage:jsonc'
2024-05-30 09:32:11.198 [info] ExtensionService#_doActivateExtension vscode.typescript-language-features, startup: false, activationEvent: 'onLanguage:jsonc'
2024-05-30 09:32:11.198 [info] ExtensionService#_doActivateExtension vscode.emmet, startup: false, activationEvent: 'onLanguage'
2024-05-30 09:32:17.114 [info] ExtensionService#_doActivateExtension vscode.html-language-features, startup: false, activationEvent: 'onLanguage:html'
2024-05-30 09:38:37.321 [info] ExtensionService#_doActivateExtension genuitecllc.codetogether, startup: false, activationEvent: '*'
2024-05-30 09:38:40.804 [info] ExtensionService#_doActivateExtension vscode.tunnel-forwarding, startup: false, activationEvent: 'onTunnel'
2024-05-30 09:45:34.854 [warning] vscode.json-language-features - Code actions of kind 'quickfix 'requested but returned code action is of kind 'source.sort.json'. Code action will be dropped. Please check 'CodeActionContext.only' to only return requested code actions.
2024-05-30 09:45:35.655 [warning] vscode.json-language-features - Code actions of kind 'quickfix 'requested but returned code action is of kind 'source.sort.json'. Code action will be dropped. Please check 'CodeActionContext.only' to only return requested code actions.
2024-05-30 09:50:56.893 [info] ExtensionService#_doActivateExtension ritwickdey.LiveServer, startup: false, activationEvent: 'onStartupFinished'
2024-05-30 21:48:25.672 [info] Extension host terminating: received terminate message from renderer
2024-05-30 21:48:25.706 [info] Lock '/home/adrian/.vscode-server/data/User/workspaceStorage/18cbecd3652cd1b0e1251eee183aeeb2/vscode.lock': Marking the lockfile as scheduled to be released in 6000 ms.
2024-05-30 21:48:26.800 [error] Canceled: Canceled
	at new O (/home/adrian/.vscode-server/bin/e170252f762678dec6ca2cc69aba1570769a5d39/out/vs/workbench/api/node/extensionHostProcess.js:144:46998)
	at l.U (/home/adrian/.vscode-server/bin/e170252f762678dec6ca2cc69aba1570769a5d39/out/vs/workbench/api/node/extensionHostProcess.js:151:5539)
	at T.<computed>.F.charCodeAt.T.<computed> (/home/adrian/.vscode-server/bin/e170252f762678dec6ca2cc69aba1570769a5d39/out/vs/workbench/api/node/extensionHostProcess.js:151:2993)
	at d.g (/home/adrian/.vscode-server/bin/e170252f762678dec6ca2cc69aba1570769a5d39/out/vs/workbench/api/node/extensionHostProcess.js:154:186335)
	at d.executeCommand (/home/adrian/.vscode-server/bin/e170252f762678dec6ca2cc69aba1570769a5d39/out/vs/workbench/api/node/extensionHostProcess.js:154:185773)
	at E.registerCommand.description (/home/adrian/.vscode-server/bin/e170252f762678dec6ca2cc69aba1570769a5d39/out/vs/workbench/api/node/extensionHostProcess.js:154:185097)
	at d.h (/home/adrian/.vscode-server/bin/e170252f762678dec6ca2cc69aba1570769a5d39/out/vs/workbench/api/node/extensionHostProcess.js:154:186874)
	at d.g (/home/adrian/.vscode-server/bin/e170252f762678dec6ca2cc69aba1570769a5d39/out/vs/workbench/api/node/extensionHostProcess.js:154:185866)
	at d.executeCommand (/home/adrian/.vscode-server/bin/e170252f762678dec6ca2cc69aba1570769a5d39/out/vs/workbench/api/node/extensionHostProcess.js:154:185773)
	at Object.executeCommand (/home/adrian/.vscode-server/bin/e170252f762678dec6ca2cc69aba1570769a5d39/out/vs/workbench/api/node/extensionHostProcess.js:164:22785)
	at l.set (/home/adrian/.vscode-server/extensions/genuitecllc.codetogether-2024.2.0/out/extension.js:3:59899)
	at i.disconnect (/home/adrian/.vscode-server/extensions/genuitecllc.codetogether-2024.2.0/out/extension.js:15:90600)
	at x.stop (/home/adrian/.vscode-server/extensions/genuitecllc.codetogether-2024.2.0/out/extension.js:80:17713)
	at t.deactivate (/home/adrian/.vscode-server/extensions/genuitecllc.codetogether-2024.2.0/out/extension.js:3:77764)
	at process.processTicksAndRejections (node:internal/process/task_queues:95:5)
	at async Promise.all (index 10)
	at async g.$ (/home/adrian/.vscode-server/bin/e170252f762678dec6ca2cc69aba1570769a5d39/out/vs/workbench/api/node/extensionHostProcess.js:160:7831) setContext undefined
2024-05-30 21:48:26.851 [info] Extension host with pid 1782 exiting with code 0
